[debug] [2023-02-15T09:33:10.276Z] ----------------------------------------------------------------------
[debug] [2023-02-15T09:33:10.279Z] Command:       C:\Program Files\nodejs\node.exe C:\Users\박현지\AppData\Roaming\npm\node_modules\firebase-tools\lib\bin\firebase.js init
[debug] [2023-02-15T09:33:10.279Z] CLI Version:   11.23.1
[debug] [2023-02-15T09:33:10.279Z] Platform:      win32
[debug] [2023-02-15T09:33:10.279Z] Node Version:  v18.13.0
[debug] [2023-02-15T09:33:10.281Z] Time:          Wed Feb 15 2023 18:33:10 GMT+0900 (대한민국 표준시)
[debug] [2023-02-15T09:33:10.281Z] ----------------------------------------------------------------------
[debug] 
[debug] [2023-02-15T09:33:10.290Z] > command requires scopes: ["email","openid","https://www.googleapis.com/auth/cloudplatformprojects.readonly","https://www.googleapis.com/auth/firebase","https://www.googleapis.com/auth/cloud-platform"]
[debug] [2023-02-15T09:33:10.290Z] > authorizing via signed-in user (altk5700@gmail.com)
[info] 
     ######## #### ########  ######## ########     ###     ######  ########
     ##        ##  ##     ## ##       ##     ##  ##   ##  ##       ##
     ######    ##  ########  ######   ########  #########  ######  ######
     ##        ##  ##    ##  ##       ##     ## ##     ##       ## ##
     ##       #### ##     ## ######## ########  ##     ##  ######  ########

You're about to initialize a Firebase project in this directory:

  C:\coding_folder\dbti

Before we get started, keep in mind:

  * You are currently outside your home directory

[info] 
=== Project Setup
[info] 
[info] First, let's associate this project directory with a Firebase project.
[info] You can create multiple project aliases by running firebase use --add, 
[info] but for now we'll just set up a default project.
[info] 
